[debug] [2023-09-07T22:38:50.131Z] ----------------------------------------------------------------------
[debug] [2023-09-07T22:38:50.132Z] Command:       C:\Program Files\nodejs\node.exe C:\Users\LENOVO\AppData\Roaming\npm\node_modules\firebase-tools\lib\bin\firebase.js init
[debug] [2023-09-07T22:38:50.133Z] CLI Version:   12.5.2
[debug] [2023-09-07T22:38:50.133Z] Platform:      win32
[debug] [2023-09-07T22:38:50.133Z] Node Version:  v16.13.1
[debug] [2023-09-07T22:38:50.133Z] Time:          Fri Sep 08 2023 04:38:50 GMT+0600 (Bangladesh Standard Time)
[debug] [2023-09-07T22:38:50.134Z] ----------------------------------------------------------------------
[debug] 
[debug] [2023-09-07T22:38:50.205Z] > command requires scopes: ["email","openid","https://www.googleapis.com/auth/cloudplatformprojects.readonly","https://www.googleapis.com/auth/firebase","https://www.googleapis.com/auth/cloud-platform"]
[debug] [2023-09-07T22:38:50.206Z] > authorizing via signed-in user (shakawat441998@gmail.com)
[info] 
     ######## #### ########  ######## ########     ###     ######  ########
     ##        ##  ##     ## ##       ##     ##  ##   ##  ##       ##
     ######    ##  ########  ######   ########  #########  ######  ######
     ##        ##  ##    ##  ##       ##     ## ##     ##       ## ##
     ##       #### ##     ## ######## ########  ##     ##  ######  ########

You're about to initialize a Firebase project in this directory:

  C:\Users\LENOVO\Desktop\serious-projects\task_management_app

Before we get started, keep in mind:

  * You are initializing within an existing Firebase project directory

